# JRE version: OpenJDK Runtime Environment Temurin-17.0.8.1+1 (17.0.8.1+1) (build 17.0.8.1+1)
# Java VM: OpenJDK 64-Bit Server VM Temurin-17.0.8.1+1 (17.0.8.1+1, mixed mode, tiered, compressed oops, compressed class ptrs, g1 gc, windows-amd64)
GC Precious Log:
 CPUs: 8 total, 8 available
 Memory: 7934M
 Large Page Support: Disabled
 NUMA Support: Disabled
 Compressed Oops: Enabled (32-bit)
 Heap Region Size: 1M
 Heap Min Capacity: 8M
 Heap Initial Capacity: 124M
 Heap Max Capacity: 1984M
 Pre-touch: Disabled
 Parallel Workers: 8
 Concurrent Workers: 2
 Concurrent Refinement Workers: 8
 Periodic GC: Disabled
Heap:
 garbage-first heap   total 61440K, used 24120K [0x0000000084000000, 0x0000000100000000)
  region size 1024K, 4 young (4096K), 1 survivors (1024K)
 Metaspace       used 30357K, committed 30656K, reserved 1114112K
  class space    used 2548K, committed 2688K, reserved 1048576K
GC Heap History (20 events):
Event: 124.083 GC heap before
{Heap before GC invocations=119 (full 0):
 garbage-first heap   total 61440K, used 52505K [0x0000000084000000, 0x0000000100000000)
  region size 1024K, 31 young (31744K), 1 survivors (1024K)
 Metaspace       used 30080K, committed 30400K, reserved 1114112K
  class space    used 2527K, committed 2688K, reserved 1048576K
}
Event: 124.084 GC heap after
{Heap after GC invocations=120 (full 0):
 garbage-first heap   total 61440K, used 21787K [0x0000000084000000, 0x0000000100000000)
  region size 1024K, 1 young (1024K), 1 survivors (1024K)
 Metaspace       used 30080K, committed 30400K, reserved 1114112K
  class space    used 2527K, committed 2688K, reserved 1048576K
}
Event: 124.929 GC heap before
{Heap before GC invocations=120 (full 0):
 garbage-first heap   total 61440K, used 52507K [0x0000000084000000, 0x0000000100000000)
  region size 1024K, 31 young (31744K), 1 survivors (1024K)
 Metaspace       used 30080K, committed 30400K, reserved 1114112K
  class space    used 2527K, committed 2688K, reserved 1048576K
}
Event: 124.930 GC heap after
{Heap after GC invocations=121 (full 0):
 garbage-first heap   total 61440K, used 21789K [0x0000000084000000, 0x0000000100000000)
  region size 1024K, 1 young (1024K), 1 survivors (1024K)
 Metaspace       used 30080K, committed 30400K, reserved 1114112K
  class space    used 2527K, committed 2688K, reserved 1048576K
}
Event: 125.853 GC heap before
{Heap before GC invocations=121 (full 0):
 garbage-first heap   total 61440K, used 52509K [0x0000000084000000, 0x0000000100000000)
  region size 1024K, 31 young (31744K), 1 survivors (1024K)
 Metaspace       used 30080K, committed 30400K, reserved 1114112K
  class space    used 2527K, committed 2688K, reserved 1048576K
}
Event: 125.853 GC heap after
{Heap after GC invocations=122 (full 0):
 garbage-first heap   total 61440K, used 21792K [0x0000000084000000, 0x0000000100000000)
  region size 1024K, 1 young (1024K), 1 survivors (1024K)
 Metaspace       used 30080K, committed 30400K, reserved 1114112K
  class space    used 2527K, committed 2688K, reserved 1048576K
}
Event: 126.704 GC heap before
{Heap before GC invocations=122 (full 0):
 garbage-first heap   total 61440K, used 52512K [0x0000000084000000, 0x0000000100000000)
  region size 1024K, 31 young (31744K), 1 survivors (1024K)
 Metaspace       used 30080K, committed 30400K, reserved 1114112K
  class space    used 2527K, committed 2688K, reserved 1048576K
}
Event: 126.705 GC heap after
{Heap after GC invocations=123 (full 0):
 garbage-first heap   total 61440K, used 21797K [0x0000000084000000, 0x0000000100000000)
  region size 1024K, 1 young (1024K), 1 survivors (1024K)
 Metaspace       used 30080K, committed 30400K, reserved 1114112K
  class space    used 2527K, committed 2688K, reserved 1048576K
}
Event: 127.583 GC heap before
{Heap before GC invocations=123 (full 0):
 garbage-first heap   total 61440K, used 52517K [0x0000000084000000, 0x0000000100000000)
  region size 1024K, 31 young (31744K), 1 survivors (1024K)
 Metaspace       used 30080K, committed 30400K, reserved 1114112K
  class space    used 2527K, committed 2688K, reserved 1048576K
}
Event: 127.584 GC heap after
{Heap after GC invocations=124 (full 0):
 garbage-first heap   total 61440K, used 21804K [0x0000000084000000, 0x0000000100000000)
  region size 1024K, 1 young (1024K), 1 survivors (1024K)
 Metaspace       used 30080K, committed 30400K, reserved 1114112K
  class space    used 2527K, committed 2688K, reserved 1048576K
}
Event: 128.524 GC heap before
{Heap before GC invocations=124 (full 0):
 garbage-first heap   total 61440K, used 52524K [0x0000000084000000, 0x0000000100000000)
  region size 1024K, 31 young (31744K), 1 survivors (1024K)
 Metaspace       used 30084K, committed 30400K, reserved 1114112K
  class space    used 2527K, committed 2688K, reserved 1048576K
}
Event: 128.525 GC heap after
{Heap after GC invocations=125 (full 0):
 garbage-first heap   total 61440K, used 21806K [0x0000000084000000, 0x0000000100000000)
  region size 1024K, 1 young (1024K), 1 survivors (1024K)
 Metaspace       used 30084K, committed 30400K, reserved 1114112K
  class space    used 2527K, committed 2688K, reserved 1048576K
}
Event: 129.396 GC heap before
{Heap before GC invocations=125 (full 0):
 garbage-first heap   total 61440K, used 52526K [0x0000000084000000, 0x0000000100000000)
  region size 1024K, 31 young (31744K), 1 survivors (1024K)
 Metaspace       used 30084K, committed 30400K, reserved 1114112K
  class space    used 2527K, committed 2688K, reserved 1048576K
}
Event: 129.397 GC heap after
{Heap after GC invocations=126 (full 0):
 garbage-first heap   total 61440K, used 21806K [0x0000000084000000, 0x0000000100000000)
  region size 1024K, 1 young (1024K), 1 survivors (1024K)
 Metaspace       used 30084K, committed 30400K, reserved 1114112K
  class space    used 2527K, committed 2688K, reserved 1048576K
}
Event: 130.240 GC heap before
{Heap before GC invocations=126 (full 0):
 garbage-first heap   total 61440K, used 52526K [0x0000000084000000, 0x0000000100000000)
  region size 1024K, 31 young (31744K), 1 survivors (1024K)
 Metaspace       used 30087K, committed 30400K, reserved 1114112K
  class space    used 2528K, committed 2688K, reserved 1048576K
}
Event: 130.241 GC heap after
{Heap after GC invocations=127 (full 0):
 garbage-first heap   total 61440K, used 21824K [0x0000000084000000, 0x0000000100000000)
  region size 1024K, 1 young (1024K), 1 survivors (1024K)
 Metaspace       used 30087K, committed 30400K, reserved 1114112K
  class space    used 2528K, committed 2688K, reserved 1048576K
}
Event: 131.090 GC heap before
{Heap before GC invocations=127 (full 0):
 garbage-first heap   total 61440K, used 52544K [0x0000000084000000, 0x0000000100000000)
  region size 1024K, 31 young (31744K), 1 survivors (1024K)
 Metaspace       used 30090K, committed 30400K, reserved 1114112K
  class space    used 2528K, committed 2688K, reserved 1048576K
}
Event: 131.091 GC heap after
{Heap after GC invocations=128 (full 0):
 garbage-first heap   total 61440K, used 21826K [0x0000000084000000, 0x0000000100000000)
  region size 1024K, 1 young (1024K), 1 survivors (1024K)
 Metaspace       used 30090K, committed 30400K, reserved 1114112K
  class space    used 2528K, committed 2688K, reserved 1048576K
}
Event: 131.982 GC heap before
{Heap before GC invocations=128 (full 0):
 garbage-first heap   total 61440K, used 52546K [0x0000000084000000, 0x0000000100000000)
  region size 1024K, 31 young (31744K), 1 survivors (1024K)
 Metaspace       used 30117K, committed 30400K, reserved 1114112K
  class space    used 2528K, committed 2688K, reserved 1048576K
}
Event: 131.984 GC heap after
{Heap after GC invocations=129 (full 0):
 garbage-first heap   total 61440K, used 21965K [0x0000000084000000, 0x0000000100000000)
  region size 1024K, 1 young (1024K), 1 survivors (1024K)
 Metaspace       used 30117K, committed 30400K, reserved 1114112K
  class space    used 2528K, committed 2688K, reserved 1048576K
}

